Determining if the pthread_create exist failed with the following output:
Change Dir: /home/pi/catkin_ws/build/CMakeFiles/CMakeTmp

Run Build Command:"/usr/bin/make" "cmTC_bcdbc/fast"
/usr/bin/make -f CMakeFiles/cmTC_bcdbc.dir/build.make CMakeFiles/cmTC_bcdbc.dir/build
make[1]: se entra en el directorio '/home/pi/catkin_ws/build/CMakeFiles/CMakeTmp'
Building C object CMakeFiles/cmTC_bcdbc.dir/CheckSymbolExists.c.o
/usr/bin/cc    -o CMakeFiles/cmTC_bcdbc.dir/CheckSymbolExists.c.o   -c /home/pi/catkin_ws/build/CMakeFiles/CMakeTmp/CheckSymbolExists.c
Linking C executable cmTC_bcdbc
/usr/bin/cmake -E cmake_link_script CMakeFiles/cmTC_bcdbc.dir/link.txt --verbose=1
/usr/bin/cc      -rdynamic CMakeFiles/cmTC_bcdbc.dir/CheckSymbolExists.c.o  -o cmTC_bcdbc 
/usr/bin/ld: CMakeFiles/cmTC_bcdbc.dir/CheckSymbolExists.c.o: en la función `main':
CheckSymbolExists.c:(.text+0x38): referencia a `pthread_create' sin definir
collect2: error: ld returned 1 exit status
make[1]: *** [CMakeFiles/cmTC_bcdbc.dir/build.make:87: cmTC_bcdbc] Error 1
make[1]: se sale del directorio '/home/pi/catkin_ws/build/CMakeFiles/CMakeTmp'
make: *** [Makefile:121: cmTC_bcdbc/fast] Error 2

File /home/pi/catkin_ws/build/CMakeFiles/CMakeTmp/CheckSymbolExists.c:
/* */
#include <pthread.h>

int main(int argc, char** argv)
{
  (void)argv;
#ifndef pthread_create
  return ((int*)(&pthread_create))[argc];
#else
  (void)argc;
  return 0;
#endif
}

Determining if the function pthread_create exists in the pthreads failed with the following output:
Change Dir: /home/pi/catkin_ws/build/CMakeFiles/CMakeTmp

Run Build Command:"/usr/bin/make" "cmTC_e09d6/fast"
/usr/bin/make -f CMakeFiles/cmTC_e09d6.dir/build.make CMakeFiles/cmTC_e09d6.dir/build
make[1]: se entra en el directorio '/home/pi/catkin_ws/build/CMakeFiles/CMakeTmp'
Building C object CMakeFiles/cmTC_e09d6.dir/CheckFunctionExists.c.o
/usr/bin/cc   -DCHECK_FUNCTION_EXISTS=pthread_create   -o CMakeFiles/cmTC_e09d6.dir/CheckFunctionExists.c.o   -c /usr/share/cmake-3.13/Modules/CheckFunctionExists.c
Linking C executable cmTC_e09d6
/usr/bin/cmake -E cmake_link_script CMakeFiles/cmTC_e09d6.dir/link.txt --verbose=1
/usr/bin/cc  -DCHECK_FUNCTION_EXISTS=pthread_create    -rdynamic CMakeFiles/cmTC_e09d6.dir/CheckFunctionExists.c.o  -o cmTC_e09d6 -lpthreads 
/usr/bin/ld: no se puede encontrar -lpthreads
collect2: error: ld returned 1 exit status
make[1]: *** [CMakeFiles/cmTC_e09d6.dir/build.make:87: cmTC_e09d6] Error 1
make[1]: se sale del directorio '/home/pi/catkin_ws/build/CMakeFiles/CMakeTmp'
make: *** [Makefile:121: cmTC_e09d6/fast] Error 2


